# JRE version: Java(TM) SE Runtime Environment (8.0_65-b17) (build 1.8.0_65-b17)
# Java VM: Java HotSpot(TM) 64-Bit Server VM (25.65-b01 mixed mode windows-amd64 compressed oops)
Heap:
 PSYoungGen      total 346112K, used 104198K [0x00000000e0000000, 0x00000000fc400000, 0x0000000100000000)
  eden space 279552K, 36% used [0x00000000e0000000,0x00000000e6446d20,0x00000000f1100000)
  from space 66560K, 2% used [0x00000000f1100000,0x00000000f127aca0,0x00000000f5200000)
  to   space 87040K, 0% used [0x00000000f6f00000,0x00000000f6f00000,0x00000000fc400000)
 ParOldGen       total 138752K, used 72932K [0x00000000a0000000, 0x00000000a8780000, 0x00000000e0000000)
  object space 138752K, 52% used [0x00000000a0000000,0x00000000a4739278,0x00000000a8780000)
 Metaspace       used 82038K, capacity 87264K, committed 87384K, reserved 1126400K
  class space    used 10567K, capacity 11327K, committed 11392K, reserved 1048576K
GC Heap History (10 events):
Event: 2784.687 GC heap before
{Heap before GC invocations=79 (full 26):
 PSYoungGen      total 346112K, used 279552K [0x00000000e0000000, 0x00000000f9700000, 0x0000000100000000)
  eden space 279552K, 100% used [0x00000000e0000000,0x00000000f1100000,0x00000000f1100000)
  from space 66560K, 0% used [0x00000000f1100000,0x00000000f1100000,0x00000000f5200000)
  to   space 63488K, 0% used [0x00000000f5200000,0x00000000f5200000,0x00000000f9000000)
 ParOldGen       total 138752K, used 128994K [0x00000000a0000000, 0x00000000a8780000, 0x00000000e0000000)
  object space 138752K, 92% used [0x00000000a0000000,0x00000000a7df8a20,0x00000000a8780000)
 Metaspace       used 81390K, capacity 86052K, committed 86744K, reserved 1124352K
  class space    used 10469K, capacity 11137K, committed 11264K, reserved 1048576K
Event: 2784.968 GC heap after
Heap after GC invocations=79 (full 26):
 PSYoungGen      total 346112K, used 0K [0x00000000e0000000, 0x00000000f9700000, 0x0000000100000000)
  eden space 279552K, 0% used [0x00000000e0000000,0x00000000e0000000,0x00000000f1100000)
  from space 66560K, 0% used [0x00000000f1100000,0x00000000f1100000,0x00000000f5200000)
  to   space 63488K, 0% used [0x00000000f5200000,0x00000000f5200000,0x00000000f9000000)
 ParOldGen       total 138752K, used 135063K [0x00000000a0000000, 0x00000000a8780000, 0x00000000e0000000)
  object space 138752K, 97% used [0x00000000a0000000,0x00000000a83e5d90,0x00000000a8780000)
 Metaspace       used 81390K, capacity 86052K, committed 86744K, reserved 1124352K
  class space    used 10469K, capacity 11137K, committed 11264K, reserved 1048576K
}
Event: 2786.270 GC heap before
{Heap before GC invocations=80 (full 27):
 PSYoungGen      total 346112K, used 279552K [0x00000000e0000000, 0x00000000f9700000, 0x0000000100000000)
  eden space 279552K, 100% used [0x00000000e0000000,0x00000000f1100000,0x00000000f1100000)
  from space 66560K, 0% used [0x00000000f1100000,0x00000000f1100000,0x00000000f5200000)
  to   space 63488K, 0% used [0x00000000f5200000,0x00000000f5200000,0x00000000f9000000)
 ParOldGen       total 138752K, used 135063K [0x00000000a0000000, 0x00000000a8780000, 0x00000000e0000000)
  object space 138752K, 97% used [0x00000000a0000000,0x00000000a83e5d90,0x00000000a8780000)
 Metaspace       used 81446K, capacity 86074K, committed 86744K, reserved 1124352K
  class space    used 10472K, capacity 11140K, committed 11264K, reserved 1048576K
Event: 2786.556 GC heap after
Heap after GC invocations=80 (full 27):
 PSYoungGen      total 346112K, used 0K [0x00000000e0000000, 0x00000000f9700000, 0x0000000100000000)
  eden space 279552K, 0% used [0x00000000e0000000,0x00000000e0000000,0x00000000f1100000)
  from space 66560K, 0% used [0x00000000f1100000,0x00000000f1100000,0x00000000f5200000)
  to   space 63488K, 0% used [0x00000000f5200000,0x00000000f5200000,0x00000000f9000000)
 ParOldGen       total 138752K, used 119330K [0x00000000a0000000, 0x00000000a8780000, 0x00000000e0000000)
  object space 138752K, 86% used [0x00000000a0000000,0x00000000a74888f0,0x00000000a8780000)
 Metaspace       used 81446K, capacity 86074K, committed 86744K, reserved 1124352K
  class space    used 10472K, capacity 11140K, committed 11264K, reserved 1048576K
}
Event: 3137.567 GC heap before
{Heap before GC invocations=81 (full 28):
 PSYoungGen      total 346112K, used 279552K [0x00000000e0000000, 0x00000000f9700000, 0x0000000100000000)
  eden space 279552K, 100% used [0x00000000e0000000,0x00000000f1100000,0x00000000f1100000)
  from space 66560K, 0% used [0x00000000f1100000,0x00000000f1100000,0x00000000f5200000)
  to   space 63488K, 0% used [0x00000000f5200000,0x00000000f5200000,0x00000000f9000000)
 ParOldGen       total 138752K, used 119330K [0x00000000a0000000, 0x00000000a8780000, 0x00000000e0000000)
  object space 138752K, 86% used [0x00000000a0000000,0x00000000a74888f0,0x00000000a8780000)
 Metaspace       used 81951K, capacity 87118K, committed 87384K, reserved 1126400K
  class space    used 10557K, capacity 11284K, committed 11392K, reserved 1048576K
Event: 3137.893 GC heap after
Heap after GC invocations=81 (full 28):
 PSYoungGen      total 346112K, used 0K [0x00000000e0000000, 0x00000000f9700000, 0x0000000100000000)
  eden space 279552K, 0% used [0x00000000e0000000,0x00000000e0000000,0x00000000f1100000)
  from space 66560K, 0% used [0x00000000f1100000,0x00000000f1100000,0x00000000f5200000)
  to   space 63488K, 0% used [0x00000000f5200000,0x00000000f5200000,0x00000000f9000000)
 ParOldGen       total 138752K, used 72932K [0x00000000a0000000, 0x00000000a8780000, 0x00000000e0000000)
  object space 138752K, 52% used [0x00000000a0000000,0x00000000a4739278,0x00000000a8780000)
 Metaspace       used 81951K, capacity 87118K, committed 87384K, reserved 1126400K
  class space    used 10557K, capacity 11284K, committed 11392K, reserved 1048576K
}
Event: 3138.302 GC heap before
{Heap before GC invocations=82 (full 28):
 PSYoungGen      total 346112K, used 279019K [0x00000000e0000000, 0x00000000f9700000, 0x0000000100000000)
  eden space 279552K, 99% used [0x00000000e0000000,0x00000000f107aec8,0x00000000f1100000)
  from space 66560K, 0% used [0x00000000f1100000,0x00000000f1100000,0x00000000f5200000)
  to   space 63488K, 0% used [0x00000000f5200000,0x00000000f5200000,0x00000000f9000000)
 ParOldGen       total 138752K, used 72932K [0x00000000a0000000, 0x00000000a8780000, 0x00000000e0000000)
  object space 138752K, 52% used [0x00000000a0000000,0x00000000a4739278,0x00000000a8780000)
 Metaspace       used 81968K, capacity 87122K, committed 87384K, reserved 1126400K
  class space    used 10557K, capacity 11284K, committed 11392K, reserved 1048576K
Event: 3138.307 GC heap after
Heap after GC invocations=82 (full 28):
 PSYoungGen      total 343040K, used 2619K [0x00000000e0000000, 0x00000000f9700000, 0x0000000100000000)
  eden space 279552K, 0% used [0x00000000e0000000,0x00000000e0000000,0x00000000f1100000)
  from space 63488K, 4% used [0x00000000f5200000,0x00000000f548edc0,0x00000000f9000000)
  to   space 66560K, 0% used [0x00000000f1100000,0x00000000f1100000,0x00000000f5200000)
 ParOldGen       total 138752K, used 72932K [0x00000000a0000000, 0x00000000a8780000, 0x00000000e0000000)
  object space 138752K, 52% used [0x00000000a0000000,0x00000000a4739278,0x00000000a8780000)
 Metaspace       used 81968K, capacity 87122K, committed 87384K, reserved 1126400K
  class space    used 10557K, capacity 11284K, committed 11392K, reserved 1048576K
}
Event: 3138.445 GC heap before
{Heap before GC invocations=83 (full 28):
 PSYoungGen      total 343040K, used 282171K [0x00000000e0000000, 0x00000000f9700000, 0x0000000100000000)
  eden space 279552K, 100% used [0x00000000e0000000,0x00000000f1100000,0x00000000f1100000)
  from space 63488K, 4% used [0x00000000f5200000,0x00000000f548edc0,0x00000000f9000000)
  to   space 66560K, 0% used [0x00000000f1100000,0x00000000f1100000,0x00000000f5200000)
 ParOldGen       total 138752K, used 72932K [0x00000000a0000000, 0x00000000a8780000, 0x00000000e0000000)
  object space 138752K, 52% used [0x00000000a0000000,0x00000000a4739278,0x00000000a8780000)
 Metaspace       used 81973K, capacity 87154K, committed 87384K, reserved 1126400K
  class space    used 10558K, capacity 11316K, committed 11392K, reserved 1048576K
Event: 3138.449 GC heap after
Heap after GC invocations=83 (full 28):
 PSYoungGen      total 346112K, used 1515K [0x00000000e0000000, 0x00000000fc400000, 0x0000000100000000)
  eden space 279552K, 0% used [0x00000000e0000000,0x00000000e0000000,0x00000000f1100000)
  from space 66560K, 2% used [0x00000000f1100000,0x00000000f127aca0,0x00000000f5200000)
  to   space 87040K, 0% used [0x00000000f6f00000,0x00000000f6f00000,0x00000000fc400000)
 ParOldGen       total 138752K, used 72932K [0x00000000a0000000, 0x00000000a8780000, 0x00000000e0000000)
  object space 138752K, 52% used [0x00000000a0000000,0x00000000a4739278,0x00000000a8780000)
 Metaspace       used 81973K, capacity 87154K, committed 87384K, reserved 1126400K
  class space    used 10558K, capacity 11316K, committed 11392K, reserved 1048576K
}

